


ARM Macro Assembler    Page 1 


    1 00000000         ; IO.s
    2 00000000         ; Student names: change this to your names or look very 
                       silly
    3 00000000         ; Last modification date: change this to the last modifi
                       cation date or look very silly
    4 00000000         ; Runs on LM4F120/TM4C123
    5 00000000         
    6 00000000         ; EE319K lab 7 device driver for the switch and LED.
    7 00000000         ; You are allowed to use any switch and any LED,
    8 00000000         ; although the Lab suggests the SW1 switch PF4 and Red L
                       ED PF1
    9 00000000         
   10 00000000         ; As part of Lab 7, students need to implement these thr
                       ee functions
   11 00000000         
   12 00000000         ; negative logic SW2 connected to PF0 on the Launchpad
   13 00000000         ; red LED connected to PF1 on the Launchpad
   14 00000000         ; blue LED connected to PF2 on the Launchpad
   15 00000000         ; green LED connected to PF3 on the Launchpad
   16 00000000         ; negative logic SW1 connected to PF4 on the Launchpad
   17 00000000                 EXPORT           IO_Init
   18 00000000                 EXPORT           IO_Touch
   19 00000000                 EXPORT           IO_HeartBeat
   20 00000000         
   21 00000000 400253FC 
                       GPIO_PORTF_DATA_R
                               EQU              0x400253FC
   22 00000000 40025400 
                       GPIO_PORTF_DIR_R
                               EQU              0x40025400
   23 00000000 40025420 
                       GPIO_PORTF_AFSEL_R
                               EQU              0x40025420
   24 00000000 40025510 
                       GPIO_PORTF_PUR_R
                               EQU              0x40025510
   25 00000000 4002551C 
                       GPIO_PORTF_DEN_R
                               EQU              0x4002551C
   26 00000000 40025520 
                       GPIO_PORTF_LOCK_R
                               EQU              0x40025520
   27 00000000 40025524 
                       GPIO_PORTF_CR_R
                               EQU              0x40025524
   28 00000000 40025528 
                       GPIO_PORTF_AMSEL_R
                               EQU              0x40025528
   29 00000000 4002552C 
                       GPIO_PORTF_PCTL_R
                               EQU              0x4002552C
   30 00000000 4C4F434B 
                       GPIO_LOCK_KEY
                               EQU              0x4C4F434B  ; Unlocks the GPIO_
                                                            CR register
   31 00000000 003D0900 
                       DELAY_VARIABLE
                               EQU              4000000
   32 00000000 00013880 



ARM Macro Assembler    Page 2 


                       DELAY_10MS_VARIABLE
                               EQU              80000
   33 00000000 40025004 
                       PF0     EQU              0x40025004
   34 00000000 40025008 
                       PF1     EQU              0x40025008
   35 00000000 40025010 
                       PF2     EQU              0x40025010
   36 00000000 40025020 
                       PF3     EQU              0x40025020
   37 00000000 40025040 
                       PF4     EQU              0x40025040
   38 00000000 40025038 
                       LEDS    EQU              0x40025038
   39 00000000 00000002 
                       RED     EQU              0x02
   40 00000000 00000004 
                       BLUE    EQU              0x04
   41 00000000 00000008 
                       GREEN   EQU              0x08
   42 00000000 40025044 
                       SWITCHES
                               EQU              0x40025044
   43 00000000 00000010 
                       SW1     EQU              0x10        ; on the left side 
                                                            of the Launchpad bo
                                                            ard
   44 00000000 00000001 
                       SW2     EQU              0x01        ; on the right side
                                                             of the Launchpad b
                                                            oard
   45 00000000 400FE608 
                       SYSCTL_RCGCGPIO_R
                               EQU              0x400FE608
   46 00000000         
   47 00000000                 AREA             |.text|, CODE, READONLY, ALIGN=
2
   48 00000000                 THUMB
   49 00000000         
   50 00000000         
   51 00000000         
   52 00000000         ;------------IO_Init------------
   53 00000000         ; Initialize GPIO Port for a switch and an LED
   54 00000000         ; Input: none
   55 00000000         ; Output: none
   56 00000000         ; This is a public function
   57 00000000         ; Invariables: This function must not permanently modify
                        registers R4 to R11
   58 00000000         IO_Init
   59 00000000 4921            LDR              R1, =SYSCTL_RCGCGPIO_R ; activa
                                                            te clock, Port E
   60 00000002 6808            LDR              R0, [R1]
   61 00000004 F040 0020       ORR              R0, R0, #0x20 ; set bit 4 to tu
                                                            rn on clock then ad
                                                            d delay
   62 00000008 6008            STR              R0, [R1]
   63 0000000A BF00            NOP
   64 0000000C BF00            NOP
   65 0000000E BF00            NOP



ARM Macro Assembler    Page 3 


   66 00000010 BF00            NOP
   67 00000012 491E            LDR              R1, =GPIO_PORTF_LOCK_R ; 2) unl
                                                            ock the lock regist
                                                            er
   68 00000014 481E            LDR              R0, =0x4C4F434B ; unlock GPIO P
                                                            ort F Commit Regist
                                                            er
   69 00000016 6008            STR              R0, [R1]
   70 00000018 491E            LDR              R1, =GPIO_PORTF_CR_R ; enable c
                                                            ommit for Port F
   71 0000001A F04F 00FF       MOV              R0, #0xFF   ; 1 means allow acc
                                                            ess
   72 0000001E 6008            STR              R0, [R1]
   73 00000020 491D            LDR              R1, =GPIO_PORTF_DIR_R ; set dir
                                                            ection register    
                                                                 
   74 00000022 6808            LDR              R0, [R1]    ; 1 is output, 0 in
                                                            put
   75 00000024 F040 0002       ORR              R0, R0, #0x02
   76 00000028 F020 0001       BIC              R0, R0, #0x01
   77 0000002C 6008            STR              R0, [R1]
   78 0000002E 491B            LDR              R1, =GPIO_PORTF_AFSEL_R ; disab
                                                            le alternate functi
                                                            ons
   79 00000030 F04F 0000       MOV              R0, #0
   80 00000034 6008            STR              R0, [R1]
   81 00000036 491A            LDR              R1, =GPIO_PORTF_DEN_R 
                                                            ; enable digital IO
                                                            
   82 00000038 6808            LDR              R0, [R1]    ; 1 is enabled
   83 0000003A F040 0003       ORR              R0, R0, #0x03
   84 0000003E 6008            STR              R0, [R1]
   85 00000040 4770            BX               LR
   86 00000042         ;* * * * * * * * End of IO_Init * * * * * * * *
   87 00000042         
   88 00000042         ;------------IO_HeartBeat------------
   89 00000042         ; Toggle the output state of the LED.
   90 00000042         ; Input: none
   91 00000042         ; Output: none
   92 00000042         ; This is a public function
   93 00000042         ; Invariables: This function must not permanently modify
                        registers R4 to R11
   94 00000042         IO_HeartBeat
   95 00000042 4818            LDR              R0, =DELAY_VARIABLE
   96 00000044         delayloop
   97 00000044 1E40            SUBS             R0, R0, #1
   98 00000046 D1FD            BNE              delayloop
   99 00000048 4917            LDR              R1, =GPIO_PORTF_DATA_R
  100 0000004A 6808            LDR              R0, [R1]
  101 0000004C F080 0002       EOR              R0, R0, #0x02
  102 00000050 6008            STR              R0, [R1]
  103 00000052 4770            BX               LR          ; return
  104 00000054         ;* * * * * * * * End of IO_HeartBeat * * * * * * * *
  105 00000054         
  106 00000054         ;------------IO_Touch------------
  107 00000054         ; First: wait for the of the release of the switch
  108 00000054         ; and then: wait for the touch of the switch
  109 00000054         ; Input: none
  110 00000054         ; Input: none



ARM Macro Assembler    Page 4 


  111 00000054         ; Output: none
  112 00000054         ; This is a public function
  113 00000054         ; Invariables: This function must not permanently modify
                        registers R4 to R11
  114 00000054         IO_Touch
  115 00000054 B504            PUSH             {R2, LR}
  116 00000056         IO_loop
  117 00000056 4914            LDR              R1, =GPIO_PORTF_DATA_R
  118 00000058 6808            LDR              R0, [R1]
  119 0000005A F000 0001       AND              R0, R0, #0x01
  120 0000005E 2800            CMP              R0, #0
  121 00000060 D102            BNE              done
  122 00000062 F000 F80D       BL               delay_10ms
  123 00000066 E7F6            B                IO_loop
  124 00000068         done
  125 00000068 490F            LDR              R1, =GPIO_PORTF_DATA_R
  126 0000006A 6808            LDR              R0, [R1]
  127 0000006C F000 0001       AND              R0, R0, #0x01
  128 00000070 2800            CMP              R0, #0
  129 00000072 D002            BEQ              return
  130 00000074 F000 F804       BL               delay_10ms
  131 00000078 E7F6            B                done
  132 0000007A         return
  133 0000007A E8BD 4004       POP              {R2, LR}
  134 0000007E 4770            BX               LR          ; return
  135 00000080         ;* * * * * * * * End of IO_Touch * * * * * * * *
  136 00000080         delay_10ms
  137 00000080 480A            LDR              R0, =DELAY_10MS_VARIABLE
  138 00000082         delayloop_10
  139 00000082 1E40            SUBS             R0, R0, #1
  140 00000084 D1FD            BNE              delayloop_10
  141 00000086 4770            BX               LR
  142 00000088         
  143 00000088                 ALIGN                        ; make sure the end
                                                             of this section is
                                                             aligned
  144 00000088                 END                          ; end of file
              400FE608 
              40025520 
              4C4F434B 
              40025524 
              40025400 
              40025420 
              4002551C 
              003D0900 
              400253FC 
              00013880 
Command Line: --debug --xref --cpu=Cortex-M4 --apcs=interwork --depend=.\io.d -
o.\io.o -IC:\Keil\ARM\RV31\INC -IC:\Keil\ARM\CMSIS\Include -IC:\Keil\ARM\Inc\Lu
minary --predefine="__MICROLIB SETA 1" --list=.\io.lst IO.s



ARM Macro Assembler    Page 1 Alphabetic symbol ordering
Relocatable symbols

.text 00000000

Symbol: .text
   Definitions
      At line 47 in file IO.s
   Uses
      None
Comment: .text unused
IO_HeartBeat 00000042

Symbol: IO_HeartBeat
   Definitions
      At line 94 in file IO.s
   Uses
      At line 19 in file IO.s
Comment: IO_HeartBeat used once
IO_Init 00000000

Symbol: IO_Init
   Definitions
      At line 58 in file IO.s
   Uses
      At line 17 in file IO.s
Comment: IO_Init used once
IO_Touch 00000054

Symbol: IO_Touch
   Definitions
      At line 114 in file IO.s
   Uses
      At line 18 in file IO.s
Comment: IO_Touch used once
IO_loop 00000056

Symbol: IO_loop
   Definitions
      At line 116 in file IO.s
   Uses
      At line 123 in file IO.s
Comment: IO_loop used once
delay_10ms 00000080

Symbol: delay_10ms
   Definitions
      At line 136 in file IO.s
   Uses
      At line 122 in file IO.s
      At line 130 in file IO.s

delayloop 00000044

Symbol: delayloop
   Definitions
      At line 96 in file IO.s
   Uses
      At line 98 in file IO.s
Comment: delayloop used once
delayloop_10 00000082




ARM Macro Assembler    Page 2 Alphabetic symbol ordering
Relocatable symbols

Symbol: delayloop_10
   Definitions
      At line 138 in file IO.s
   Uses
      At line 140 in file IO.s
Comment: delayloop_10 used once
done 00000068

Symbol: done
   Definitions
      At line 124 in file IO.s
   Uses
      At line 121 in file IO.s
      At line 131 in file IO.s

return 0000007A

Symbol: return
   Definitions
      At line 132 in file IO.s
   Uses
      At line 129 in file IO.s
Comment: return used once
10 symbols



ARM Macro Assembler    Page 1 Alphabetic symbol ordering
Absolute symbols

BLUE 00000004

Symbol: BLUE
   Definitions
      At line 40 in file IO.s
   Uses
      None
Comment: BLUE unused
DELAY_10MS_VARIABLE 00013880

Symbol: DELAY_10MS_VARIABLE
   Definitions
      At line 32 in file IO.s
   Uses
      At line 137 in file IO.s
Comment: DELAY_10MS_VARIABLE used once
DELAY_VARIABLE 003D0900

Symbol: DELAY_VARIABLE
   Definitions
      At line 31 in file IO.s
   Uses
      At line 95 in file IO.s
Comment: DELAY_VARIABLE used once
GPIO_LOCK_KEY 4C4F434B

Symbol: GPIO_LOCK_KEY
   Definitions
      At line 30 in file IO.s
   Uses
      None
Comment: GPIO_LOCK_KEY unused
GPIO_PORTF_AFSEL_R 40025420

Symbol: GPIO_PORTF_AFSEL_R
   Definitions
      At line 23 in file IO.s
   Uses
      At line 78 in file IO.s
Comment: GPIO_PORTF_AFSEL_R used once
GPIO_PORTF_AMSEL_R 40025528

Symbol: GPIO_PORTF_AMSEL_R
   Definitions
      At line 28 in file IO.s
   Uses
      None
Comment: GPIO_PORTF_AMSEL_R unused
GPIO_PORTF_CR_R 40025524

Symbol: GPIO_PORTF_CR_R
   Definitions
      At line 27 in file IO.s
   Uses
      At line 70 in file IO.s
Comment: GPIO_PORTF_CR_R used once
GPIO_PORTF_DATA_R 400253FC

Symbol: GPIO_PORTF_DATA_R



ARM Macro Assembler    Page 2 Alphabetic symbol ordering
Absolute symbols

   Definitions
      At line 21 in file IO.s
   Uses
      At line 99 in file IO.s
      At line 117 in file IO.s
      At line 125 in file IO.s

GPIO_PORTF_DEN_R 4002551C

Symbol: GPIO_PORTF_DEN_R
   Definitions
      At line 25 in file IO.s
   Uses
      At line 81 in file IO.s
Comment: GPIO_PORTF_DEN_R used once
GPIO_PORTF_DIR_R 40025400

Symbol: GPIO_PORTF_DIR_R
   Definitions
      At line 22 in file IO.s
   Uses
      At line 73 in file IO.s
Comment: GPIO_PORTF_DIR_R used once
GPIO_PORTF_LOCK_R 40025520

Symbol: GPIO_PORTF_LOCK_R
   Definitions
      At line 26 in file IO.s
   Uses
      At line 67 in file IO.s
Comment: GPIO_PORTF_LOCK_R used once
GPIO_PORTF_PCTL_R 4002552C

Symbol: GPIO_PORTF_PCTL_R
   Definitions
      At line 29 in file IO.s
   Uses
      None
Comment: GPIO_PORTF_PCTL_R unused
GPIO_PORTF_PUR_R 40025510

Symbol: GPIO_PORTF_PUR_R
   Definitions
      At line 24 in file IO.s
   Uses
      None
Comment: GPIO_PORTF_PUR_R unused
GREEN 00000008

Symbol: GREEN
   Definitions
      At line 41 in file IO.s
   Uses
      None
Comment: GREEN unused
LEDS 40025038

Symbol: LEDS
   Definitions



ARM Macro Assembler    Page 3 Alphabetic symbol ordering
Absolute symbols

      At line 38 in file IO.s
   Uses
      None
Comment: LEDS unused
PF0 40025004

Symbol: PF0
   Definitions
      At line 33 in file IO.s
   Uses
      None
Comment: PF0 unused
PF1 40025008

Symbol: PF1
   Definitions
      At line 34 in file IO.s
   Uses
      None
Comment: PF1 unused
PF2 40025010

Symbol: PF2
   Definitions
      At line 35 in file IO.s
   Uses
      None
Comment: PF2 unused
PF3 40025020

Symbol: PF3
   Definitions
      At line 36 in file IO.s
   Uses
      None
Comment: PF3 unused
PF4 40025040

Symbol: PF4
   Definitions
      At line 37 in file IO.s
   Uses
      None
Comment: PF4 unused
RED 00000002

Symbol: RED
   Definitions
      At line 39 in file IO.s
   Uses
      None
Comment: RED unused
SW1 00000010

Symbol: SW1
   Definitions
      At line 43 in file IO.s
   Uses
      None



ARM Macro Assembler    Page 4 Alphabetic symbol ordering
Absolute symbols

Comment: SW1 unused
SW2 00000001

Symbol: SW2
   Definitions
      At line 44 in file IO.s
   Uses
      None
Comment: SW2 unused
SWITCHES 40025044

Symbol: SWITCHES
   Definitions
      At line 42 in file IO.s
   Uses
      None
Comment: SWITCHES unused
SYSCTL_RCGCGPIO_R 400FE608

Symbol: SYSCTL_RCGCGPIO_R
   Definitions
      At line 45 in file IO.s
   Uses
      At line 59 in file IO.s
Comment: SYSCTL_RCGCGPIO_R used once
25 symbols
368 symbols in table
